
> ukde@ test:browser /Users/test/Code/UKDA
> playwright test --project=chromium web/tests/browser/layout-workspace-regression.spec.ts --grep 'layout workspace visual baselines for overlay and inspector states'


Running 1 test using 1 worker

  ✘  1 [chromium] › web/tests/browser/layout-workspace-regression.spec.ts:24:5 › layout workspace visual baselines for overlay and inspector states @visual (5.9s)


  1) [chromium] › web/tests/browser/layout-workspace-regression.spec.ts:24:5 › layout workspace visual baselines for overlay and inspector states @visual 

    Error: [2mexpect([22m[31mlocator[39m[2m).[22mtoHaveScreenshot[2m([22m[32mexpected[39m[2m)[22m failed

    Locator: locator('.layoutWorkspace')
      Expected an image 768px by 613px, received 768px by 151px. 276286 pixels (ratio 0.59 of all image pixels) are different.

      Snapshot: layout-workspace-overlay-on.png

    Call log:
    [2m  - Expect "toHaveScreenshot(layout-workspace-overlay-on.png)" with timeout 10000ms[22m
    [2m    - verifying given screenshot expectation[22m
    [2m  - waiting for locator('.layoutWorkspace')[22m
    [2m    - locator resolved to <section data-image-state="loading" data-workspace-mode="inspect" data-workspace-state="Expanded" class="sectionCard ukde-panel documentViewerWorkspace layoutWorkspace">…</section>[22m
    [2m  - taking element screenshot[22m
    [2m    - disabled all CSS animations[22m
    [2m  - waiting for fonts to load...[22m
    [2m  - fonts loaded[22m
    [2m  - attempting scroll into view action[22m
    [2m    - waiting for element to be stable[22m
    [2m  - Expected an image 768px by 613px, received 768px by 151px. 276286 pixels (ratio 0.59 of all image pixels) are different.[22m
    [2m  - waiting 100ms before taking screenshot[22m
    [2m  - waiting for locator('.layoutWorkspace')[22m
    [2m    - locator resolved to <section data-image-state="loading" data-workspace-mode="inspect" data-workspace-state="Expanded" class="sectionCard ukde-panel documentViewerWorkspace layoutWorkspace">…</section>[22m
    [2m  - taking element screenshot[22m
    [2m    - disabled all CSS animations[22m
    [2m  - waiting for fonts to load...[22m
    [2m  - fonts loaded[22m
    [2m  - attempting scroll into view action[22m
    [2m    - waiting for element to be stable[22m
    [2m  - captured a stable screenshot[22m
    [2m  - Expected an image 768px by 613px, received 768px by 151px. 276286 pixels (ratio 0.59 of all image pixels) are different.[22m


      35 |   await expect(page.getByText("Page image unavailable")).toHaveCount(0);
      36 |
    > 37 |   await expect(page.locator(".layoutWorkspace")).toHaveScreenshot(
         |                                                  ^
      38 |     "layout-workspace-overlay-on.png"
      39 |   );
      40 |
        at /Users/test/Code/UKDA/web/tests/browser/layout-workspace-regression.spec.ts:37:50

    attachment #1: layout-workspace-overlay-on (image/png) ─────────────────────────────────────────
    Expected: web/tests/browser/layout-workspace-regression.spec.ts-snapshots/layout-workspace-overlay-on-chromium-darwin.png
    Received: test-results/layout-workspace-regressio-52e2e-and-inspector-states-visual-chromium/layout-workspace-overlay-on-actual.png
    Diff:     test-results/layout-workspace-regressio-52e2e-and-inspector-states-visual-chromium/layout-workspace-overlay-on-diff.png
    ────────────────────────────────────────────────────────────────────────────────────────────────

    attachment #2: screenshot (image/png) ──────────────────────────────────────────────────────────
    test-results/layout-workspace-regressio-52e2e-and-inspector-states-visual-chromium/test-failed-1.png
    ────────────────────────────────────────────────────────────────────────────────────────────────

    Error Context: test-results/layout-workspace-regressio-52e2e-and-inspector-states-visual-chromium/error-context.md

    attachment #4: trace (application/zip) ─────────────────────────────────────────────────────────
    test-results/layout-workspace-regressio-52e2e-and-inspector-states-visual-chromium/trace.zip
    Usage:

        pnpm exec playwright show-trace test-results/layout-workspace-regressio-52e2e-and-inspector-states-visual-chromium/trace.zip

    ────────────────────────────────────────────────────────────────────────────────────────────────

  1 failed
    [chromium] › web/tests/browser/layout-workspace-regression.spec.ts:24:5 › layout workspace visual baselines for overlay and inspector states @visual 
 ELIFECYCLE  Command failed with exit code 1.
