
> ukde@ test:browser /Users/test/Code/UKDA
> playwright test --project=chromium web/tests/browser/privacy-workspace-regression.spec.ts --grep 'privacy run review and compare surfaces expose blockers, lock states, and keyboard-safe focus behavior'

[2m[WebServer] [22m(node:52384) Warning: The 'NO_COLOR' env is ignored due to the 'FORCE_COLOR' env being set.
[2m[WebServer] [22m(Use `node --trace-warnings ...` to show where the warning was created)
[2m[WebServer] [22m(node:52385) Warning: The 'NO_COLOR' env is ignored due to the 'FORCE_COLOR' env being set.
[2m[WebServer] [22m(Use `node --trace-warnings ...` to show where the warning was created)
[2m[WebServer] [22m(node:52391) Warning: The 'NO_COLOR' env is ignored due to the 'FORCE_COLOR' env being set.
[2m[WebServer] [22m(Use `node --trace-warnings ...` to show where the warning was created)

Running 1 test using 1 worker

(node:52642) Warning: The 'NO_COLOR' env is ignored due to the 'FORCE_COLOR' env being set.
(Use `node --trace-warnings ...` to show where the warning was created)
(node:52642) Warning: The 'NO_COLOR' env is ignored due to the 'FORCE_COLOR' env being set.
(Use `node --trace-warnings ...` to show where the warning was created)
[2m[WebServer] [22m(node:52665) Warning: The 'NO_COLOR' env is ignored due to the 'FORCE_COLOR' env being set.
[2m[WebServer] [22m(Use `node --trace-warnings ...` to show where the warning was created)
[2m[WebServer] [22m⚠ Cross origin request detected from 127.0.0.1 to /_next/* resource. In a future major version of Next.js, you will need to explicitly configure "allowedDevOrigins" in next.config to allow this.
[2m[WebServer] [22mRead more: https://nextjs.org/docs/app/api-reference/config/next-config-js/allowedDevOrigins
[2m[WebServer] [22m(node:52697) Warning: The 'NO_COLOR' env is ignored due to the 'FORCE_COLOR' env being set.
[2m[WebServer] [22m(Use `node --trace-warnings ...` to show where the warning was created)
[2m[WebServer] [22m(node:52861) Warning: The 'NO_COLOR' env is ignored due to the 'FORCE_COLOR' env being set.
[2m[WebServer] [22m(Use `node --trace-warnings ...` to show where the warning was created)
[2m[WebServer] [22m(node:52863) Warning: The 'NO_COLOR' env is ignored due to the 'FORCE_COLOR' env being set.
[2m[WebServer] [22m(Use `node --trace-warnings ...` to show where the warning was created)
[2m[WebServer] [22m(node:52865) Warning: The 'NO_COLOR' env is ignored due to the 'FORCE_COLOR' env being set.
[2m[WebServer] [22m(Use `node --trace-warnings ...` to show where the warning was created)
[2m[WebServer] [22m(node:52870) Warning: The 'NO_COLOR' env is ignored due to the 'FORCE_COLOR' env being set.
[2m[WebServer] [22m(Use `node --trace-warnings ...` to show where the warning was created)
  ✘  1 [chromium] › web/tests/browser/privacy-workspace-regression.spec.ts:194:5 › privacy run review and compare surfaces expose blockers, lock states, and keyboard-safe focus behavior @privacy @visual @a11y @keyboard @reflow (16.4s)


  1) [chromium] › web/tests/browser/privacy-workspace-regression.spec.ts:194:5 › privacy run review and compare surfaces expose blockers, lock states, and keyboard-safe focus behavior @privacy @visual @a11y @keyboard @reflow 

    Error: [2mexpect([22m[31mlocator[39m[2m).[22mtoHaveScreenshot[2m([22m[32mexpected[39m[2m)[22m failed

    Locator: locator('main.homeLayout')
      1180 pixels (ratio 0.01 of all image pixels) are different.

      Snapshot: privacy-compare-route-states.png

    Call log:
    [2m  - Expect "toHaveScreenshot(privacy-compare-route-states.png)" with timeout 10000ms[22m
    [2m    - verifying given screenshot expectation[22m
    [2m  - waiting for locator('main.homeLayout')[22m
    [2m    - locator resolved to <main class="homeLayout homeLayout--privacy-compare">…</main>[22m
    [2m  - taking element screenshot[22m
    [2m    - disabled all CSS animations[22m
    [2m  - waiting for fonts to load...[22m
    [2m  - fonts loaded[22m
    [2m  - attempting scroll into view action[22m
    [2m    - waiting for element to be stable[22m
    [2m  - 1180 pixels (ratio 0.01 of all image pixels) are different.[22m
    [2m  - waiting 100ms before taking screenshot[22m
    [2m  - waiting for locator('main.homeLayout')[22m
    [2m    - locator resolved to <main class="homeLayout homeLayout--privacy-compare">…</main>[22m
    [2m  - taking element screenshot[22m
    [2m    - disabled all CSS animations[22m
    [2m  - waiting for fonts to load...[22m
    [2m  - fonts loaded[22m
    [2m  - attempting scroll into view action[22m
    [2m    - waiting for element to be stable[22m
    [2m  - captured a stable screenshot[22m
    [2m  - 1180 pixels (ratio 0.01 of all image pixels) are different.[22m


      236 |   await expect(page.locator("main.homeLayout")).toContainText("Changed pages");
      237 |   await expect(page.locator("main.homeLayout")).toContainText("Preview ready delta");
    > 238 |   await expect(page.locator("main.homeLayout")).toHaveScreenshot(
          |                                                 ^
      239 |     "privacy-compare-route-states.png"
      240 |   );
      241 |
        at /Users/test/Code/UKDA/web/tests/browser/privacy-workspace-regression.spec.ts:238:49

    attachment #1: privacy-compare-route-states (image/png) ────────────────────────────────────────
    Expected: web/tests/browser/privacy-workspace-regression.spec.ts-snapshots/privacy-compare-route-states-chromium-darwin.png
    Received: test-results/privacy-workspace-regressi-d2854-visual-a11y-keyboard-reflow-chromium/privacy-compare-route-states-actual.png
    Diff:     test-results/privacy-workspace-regressi-d2854-visual-a11y-keyboard-reflow-chromium/privacy-compare-route-states-diff.png
    ────────────────────────────────────────────────────────────────────────────────────────────────

    attachment #2: screenshot (image/png) ──────────────────────────────────────────────────────────
    test-results/privacy-workspace-regressi-d2854-visual-a11y-keyboard-reflow-chromium/test-failed-1.png
    ────────────────────────────────────────────────────────────────────────────────────────────────

    Error Context: test-results/privacy-workspace-regressi-d2854-visual-a11y-keyboard-reflow-chromium/error-context.md

    attachment #4: trace (application/zip) ─────────────────────────────────────────────────────────
    test-results/privacy-workspace-regressi-d2854-visual-a11y-keyboard-reflow-chromium/trace.zip
    Usage:

        pnpm exec playwright show-trace test-results/privacy-workspace-regressi-d2854-visual-a11y-keyboard-reflow-chromium/trace.zip

    ────────────────────────────────────────────────────────────────────────────────────────────────

  1 failed
    [chromium] › web/tests/browser/privacy-workspace-regression.spec.ts:194:5 › privacy run review and compare surfaces expose blockers, lock states, and keyboard-safe focus behavior @privacy @visual @a11y @keyboard @reflow 
 ELIFECYCLE  Command failed with exit code 1.
